<?xml version="1.0" encoding="UTF-8"?>
<testng-results skipped="1" failed="0" total="1" passed="0">
  <reporter-output>
  </reporter-output>
  <suite name="Default suite" duration-ms="11" started-at="2015-10-15T15:18:02Z" finished-at="2015-10-15T15:18:02Z">
    <groups>
    </groups>
    <test name="Default test" duration-ms="11" started-at="2015-10-15T15:18:02Z" finished-at="2015-10-15T15:18:02Z">
      <class name="com.citrix.gotowebinar.testcases.ScheduleWebinar">
        <test-method status="FAIL" signature="initSuite(java.lang.String, java.lang.String, java.lang.String)[pri:0, instance:com.citrix.gotowebinar.testcases.ScheduleWebinar@60e5d9d2]" name="initSuite" is-config="true" duration-ms="0" started-at="2015-10-15T20:48:02Z" finished-at="2015-10-15T20:48:02Z">
          <params>
            <param index="0">
              <value>
                <![CDATA[prod]]>
              </value>
            </param>
            <param index="1">
              <value>
                <![CDATA[chrome]]>
              </value>
            </param>
            <param index="2">
              <value>
                <![CDATA[mac]]>
              </value>
            </param>
          </params>
          <exception class="java.lang.NullPointerException">
            <full-stacktrace>
              <![CDATA[java.lang.NullPointerException
	at com.citrix.gotowebinar.base.Base.initSuite(Base.java:53)
	at sun.reflect.NativeMethodAccessorImpl.invoke0(Native Method)
	at sun.reflect.NativeMethodAccessorImpl.invoke(NativeMethodAccessorImpl.java:57)
	at sun.reflect.DelegatingMethodAccessorImpl.invoke(DelegatingMethodAccessorImpl.java:43)
	at java.lang.reflect.Method.invoke(Method.java:606)
	at org.testng.internal.MethodInvocationHelper.invokeMethod(MethodInvocationHelper.java:84)
	at org.testng.internal.Invoker.invokeConfigurationMethod(Invoker.java:564)
	at org.testng.internal.Invoker.invokeConfigurations(Invoker.java:213)
	at org.testng.internal.Invoker.invokeConfigurations(Invoker.java:138)
	at org.testng.SuiteRunner.privateRun(SuiteRunner.java:277)
	at org.testng.SuiteRunner.run(SuiteRunner.java:240)
	at org.testng.SuiteRunnerWorker.runSuite(SuiteRunnerWorker.java:52)
	at org.testng.SuiteRunnerWorker.run(SuiteRunnerWorker.java:86)
	at org.testng.TestNG.runSuitesSequentially(TestNG.java:1224)
	at org.testng.TestNG.runSuitesLocally(TestNG.java:1149)
	at org.testng.TestNG.run(TestNG.java:1057)
	at org.testng.remote.RemoteTestNG.run(RemoteTestNG.java:111)
	at org.testng.remote.RemoteTestNG.initAndRun(RemoteTestNG.java:204)
	at org.testng.remote.RemoteTestNG.main(RemoteTestNG.java:175)
]]>
            </full-stacktrace>
          </exception> <!-- java.lang.NullPointerException -->
          <reporter-output>
          </reporter-output>
        </test-method> <!-- initSuite -->
        <test-method status="SKIP" signature="beforeMethod()[pri:0, instance:com.citrix.gotowebinar.testcases.ScheduleWebinar@60e5d9d2]" name="beforeMethod" is-config="true" duration-ms="0" started-at="2015-10-15T20:48:02Z" finished-at="2015-10-15T20:48:02Z">
          <reporter-output>
          </reporter-output>
        </test-method> <!-- beforeMethod -->
        <test-method status="SKIP" signature="testNewScheduledWebinar()[pri:0, instance:com.citrix.gotowebinar.testcases.ScheduleWebinar@60e5d9d2]" name="testNewScheduledWebinar" duration-ms="1" started-at="2015-10-15T20:48:02Z" finished-at="2015-10-15T20:48:02Z">
          <reporter-output>
          </reporter-output>
        </test-method> <!-- testNewScheduledWebinar -->
        <test-method status="SKIP" signature="afterMethod()[pri:0, instance:com.citrix.gotowebinar.testcases.ScheduleWebinar@60e5d9d2]" name="afterMethod" is-config="true" duration-ms="0" started-at="2015-10-15T20:48:02Z" finished-at="2015-10-15T20:48:02Z">
          <reporter-output>
          </reporter-output>
        </test-method> <!-- afterMethod -->
      </class> <!-- com.citrix.gotowebinar.testcases.ScheduleWebinar -->
    </test> <!-- Default test -->
  </suite> <!-- Default suite -->
</testng-results>
